[updated] id=1 artwork_id=1 width=2832 height=4256
[updated] id=2 artwork_id=2 width=4592 height=3056
[updated] id=3 artwork_id=3 width=4256 height=2832
[updated] id=4 artwork_id=4 width=4272 height=2848
[updated] id=5 artwork_id=5 width=1211 height=807
[updated] id=6 artwork_id=5 width=1560 height=1039
[updated] id=7 artwork_id=5 width=1660 height=1106
[updated] id=8 artwork_id=6 width=504 height=642
[updated] id=9 artwork_id=7 width=1760 height=1173
[updated] id=10 artwork_id=7 width=1707 height=2560
[updated] id=11 artwork_id=7 width=550 height=826
[updated] id=12 artwork_id=8 width=2832 height=4256
[updated] id=13 artwork_id=9 width=2272 height=1513
[updated] id=14 artwork_id=10 width=2832 height=4256
[updated] id=15 artwork_id=11 width=1211 height=807
[updated] id=16 artwork_id=11 width=2560 height=1707
[updated] id=17 artwork_id=12 width=4256 height=2832
[updated] id=18 artwork_id=13 width=2832 height=4256
[updated] id=19 artwork_id=14 width=1211 height=807
[updated] id=20 artwork_id=14 width=2509 height=1673
[updated] id=21 artwork_id=14 width=1666 height=2499
[updated] id=22 artwork_id=15 width=807 height=538
[updated] id=23 artwork_id=15 width=1107 height=1660
[updated] id=24 artwork_id=15 width=2560 height=1707
[updated] id=25 artwork_id=16 width=2832 height=4256
[updated] id=26 artwork_id=17 width=426 height=283
[updated] id=27 artwork_id=18 width=4256 height=2832
[updated] id=28 artwork_id=19 width=826 height=550
[updated] id=29 artwork_id=19 width=1756 height=1169
[updated] id=30 artwork_id=19 width=2071 height=1379
[updated] id=31 artwork_id=20 width=519 height=686
[updated] id=32 artwork_id=21 width=1037 height=1322
[updated] id=33 artwork_id=22 width=826 height=1238
[updated] id=34 artwork_id=22 width=1707 height=2560
[updated] id=35 artwork_id=22 width=1707 height=2560
[updated] id=36 artwork_id=23 width=826 height=550
[updated] id=37 artwork_id=23 width=2256 height=1502
[updated] id=38 artwork_id=23 width=3297 height=2195
[updated] id=39 artwork_id=24 width=2560 height=1707
[updated] id=40 artwork_id=24 width=826 height=1238
[updated] id=41 artwork_id=24 width=1960 height=1306
[updated] id=42 artwork_id=25 width=826 height=550
[updated] id=43 artwork_id=25 width=1932 height=1287
[updated] id=44 artwork_id=25 width=1668 height=2503
[updated] id=45 artwork_id=26 width=826 height=550
[updated] id=46 artwork_id=26 width=1603 height=1067
[updated] id=47 artwork_id=26 width=1107 height=1660
[updated] id=48 artwork_id=27 width=826 height=550
[updated] id=49 artwork_id=27 width=2256 height=1502
[updated] id=50 artwork_id=27 width=1004 height=1506
[updated] id=51 artwork_id=28 width=2560 height=1707
[updated] id=52 artwork_id=28 width=2503 height=1668
[updated] id=53 artwork_id=29 width=4256 height=2832
[updated] id=54 artwork_id=30 width=826 height=550
[updated] id=55 artwork_id=31 width=826 height=550
[updated] id=56 artwork_id=31 width=1007 height=1510
[updated] id=57 artwork_id=31 width=1560 height=1039
[updated] id=58 artwork_id=32 width=1238 height=826
[updated] id=59 artwork_id=32 width=1707 height=2560
[updated] id=60 artwork_id=32 width=1560 height=1039
[updated] id=61 artwork_id=33 width=1361 height=2125
[updated] id=62 artwork_id=34 width=1361 height=2125
[updated] id=63 artwork_id=35 width=1238 height=826
[updated] id=64 artwork_id=35 width=2560 height=1707
[updated] id=65 artwork_id=35 width=1707 height=2560
[updated] id=66 artwork_id=36 width=1238 height=826
[updated] id=67 artwork_id=36 width=2503 height=1668
[updated] id=68 artwork_id=37 width=826 height=550
[updated] id=69 artwork_id=37 width=1107 height=1660
[updated] id=70 artwork_id=37 width=1707 height=2560
[updated] id=71 artwork_id=38 width=1238 height=826
[updated] id=72 artwork_id=38 width=1107 height=1660
[updated] id=73 artwork_id=38 width=2560 height=1707
[updated] id=74 artwork_id=39 width=1211 height=807
[updated] id=75 artwork_id=39 width=1803 height=1200
[updated] id=76 artwork_id=40 width=807 height=538
[updated] id=77 artwork_id=40 width=1207 height=1810
[updated] id=78 artwork_id=41 width=4256 height=2832
[updated] id=79 artwork_id=42 width=4256 height=2832
[updated] id=80 artwork_id=43 width=1211 height=807
[updated] id=81 artwork_id=43 width=1860 height=1239
[updated] id=82 artwork_id=43 width=2560 height=1707
[updated] id=83 artwork_id=44 width=1238 height=826
[updated] id=84 artwork_id=44 width=1760 height=1173
[updated] id=85 artwork_id=44 width=1207 height=1810
[updated] id=86 artwork_id=45 width=1803 height=1201
[updated] id=87 artwork_id=45 width=1877 height=1250
[updated] id=88 artwork_id=45 width=826 height=1238
[updated] id=89 artwork_id=46 width=826 height=550
[updated] id=90 artwork_id=46 width=1707 height=2560
[updated] id=91 artwork_id=46 width=1707 height=2560
[updated] id=92 artwork_id=47 width=826 height=550
[updated] id=93 artwork_id=47 width=1707 height=2560
[updated] id=94 artwork_id=47 width=2503 height=1668
[updated] id=95 artwork_id=48 width=826 height=550
[updated] id=96 artwork_id=48 width=1107 height=1660
[updated] id=97 artwork_id=48 width=1168 height=1752
[updated] id=98 artwork_id=49 width=2832 height=4256
[updated] id=99 artwork_id=50 width=1692 height=1125
[updated] id=100 artwork_id=51 width=3088 height=2056
[updated] id=101 artwork_id=52 width=2832 height=4240
[updated] id=102 artwork_id=53 width=309 height=206
[updated] id=103 artwork_id=54 width=2056 height=3088
[updated] id=104 artwork_id=55 width=2832 height=4240
[updated] id=105 artwork_id=56 width=826 height=550
[updated] id=106 artwork_id=56 width=1771 height=1179
[updated] id=107 artwork_id=56 width=1428 height=2143
[updated] id=108 artwork_id=57 width=826 height=550
[updated] id=109 artwork_id=57 width=2456 height=1635
[updated] id=110 artwork_id=57 width=1504 height=2256
[updated] id=111 artwork_id=58 width=1238 height=826
[updated] id=112 artwork_id=58 width=2560 height=1707
[updated] id=113 artwork_id=59 width=826 height=550
[updated] id=114 artwork_id=59 width=1381 height=2071
[updated] id=115 artwork_id=60 width=826 height=550
[updated] id=116 artwork_id=60 width=1956 height=1302
[updated] id=117 artwork_id=61 width=826 height=550
[updated] id=118 artwork_id=61 width=2456 height=1635
[updated] id=119 artwork_id=61 width=1504 height=2256
[updated] id=120 artwork_id=62 width=807 height=538
[updated] id=121 artwork_id=62 width=2071 height=1379
[updated] id=122 artwork_id=62 width=1504 height=2256
[updated] id=123 artwork_id=63 width=826 height=550
[updated] id=124 artwork_id=63 width=1504 height=2256
[updated] id=125 artwork_id=63 width=2256 height=1502
[updated] id=126 artwork_id=64 width=826 height=550
[updated] id=127 artwork_id=64 width=1381 height=2071
[updated] id=128 artwork_id=64 width=2256 height=1502
[updated] id=129 artwork_id=65 width=1756 height=1169
[updated] id=130 artwork_id=65 width=550 height=826
[updated] id=131 artwork_id=66 width=826 height=550
[updated] id=132 artwork_id=66 width=2071 height=1379
[updated] id=133 artwork_id=66 width=1504 height=2256
[updated] id=134 artwork_id=67 width=826 height=550
[updated] id=135 artwork_id=67 width=2056 height=1368
[updated] id=136 artwork_id=68 width=2056 height=3088
[updated] id=137 artwork_id=69 width=1238 height=826
[updated] id=138 artwork_id=69 width=1932 height=1287
[updated] id=139 artwork_id=69 width=1960 height=1306
[updated] id=140 artwork_id=70 width=1209 height=806
[updated] id=141 artwork_id=70 width=720 height=960
[updated] id=142 artwork_id=70 width=1707 height=2560
[updated] id=143 artwork_id=70 width=1673 height=2509
[updated] id=144 artwork_id=71 width=826 height=1238
[updated] id=145 artwork_id=71 width=1707 height=2560
[updated] id=146 artwork_id=71 width=2560 height=1707
[updated] id=147 artwork_id=72 width=369 height=553
[updated] id=148 artwork_id=73 width=1238 height=826
[updated] id=149 artwork_id=73 width=2560 height=1707
[updated] id=150 artwork_id=73 width=2560 height=1707
[updated] id=151 artwork_id=74 width=1211 height=807
[updated] id=152 artwork_id=74 width=2560 height=1707
[updated] id=153 artwork_id=74 width=2560 height=1707
[updated] id=154 artwork_id=75 width=2560 height=1707
[updated] id=155 artwork_id=75 width=1707 height=2560
[updated] id=156 artwork_id=75 width=826 height=1238
[updated] id=157 artwork_id=76 width=1238 height=826
[updated] id=158 artwork_id=76 width=2560 height=1707
[updated] id=159 artwork_id=76 width=1668 height=2503
[updated] id=160 artwork_id=77 width=1238 height=826
[updated] id=161 artwork_id=77 width=2560 height=1707
[updated] id=162 artwork_id=77 width=1707 height=2560
[updated] id=163 artwork_id=78 width=809 height=540
[updated] id=164 artwork_id=79 width=826 height=550
[updated] id=165 artwork_id=79 width=1304 height=1956
[updated] id=166 artwork_id=79 width=1956 height=1302
[updated] id=167 artwork_id=80 width=1000 height=1000
[updated] id=168 artwork_id=81 width=200 height=200
[updated] id=169 artwork_id=82 width=826 height=550
[updated] id=170 artwork_id=82 width=2556 height=1701
[updated] id=171 artwork_id=82 width=2756 height=1835
[updated] id=172 artwork_id=83 width=1000 height=1000
[updated] id=173 artwork_id=84 width=1000 height=1000
[updated] id=174 artwork_id=85 width=807 height=538
[updated] id=175 artwork_id=85 width=1860 height=1239
[updated] id=176 artwork_id=86 width=1211 height=807
[updated] id=177 artwork_id=86 width=2503 height=1668
[updated] id=178 artwork_id=86 width=2503 height=1668
[updated] id=179 artwork_id=87 width=1238 height=826
[updated] id=180 artwork_id=87 width=1760 height=1173
[updated] id=181 artwork_id=87 width=2560 height=1707
[updated] id=182 artwork_id=88 width=550 height=826
[updated] id=183 artwork_id=88 width=2156 height=1435
[updated] id=184 artwork_id=89 width=807 height=538
[updated] id=185 artwork_id=89 width=2560 height=1707
[updated] id=186 artwork_id=90 width=1211 height=807
[updated] id=187 artwork_id=90 width=1707 height=2560
[updated] id=188 artwork_id=91 width=1238 height=826
[updated] id=189 artwork_id=91 width=1560 height=1039
[updated] id=190 artwork_id=91 width=1560 height=1039
[updated] id=191 artwork_id=92 width=1238 height=826
[updated] id=192 artwork_id=92 width=1207 height=1810
[updated] id=193 artwork_id=92 width=1168 height=1752
[updated] id=194 artwork_id=93 width=826 height=550
[updated] id=195 artwork_id=93 width=2560 height=1707
[updated] id=196 artwork_id=93 width=2560 height=1707
[updated] id=197 artwork_id=94 width=2560 height=1707
[updated] id=198 artwork_id=94 width=550 height=826
[updated] id=199 artwork_id=94 width=2560 height=1707
[updated] id=200 artwork_id=95 width=807 height=538
[updated] id=201 artwork_id=95 width=2656 height=1768
[updated] id=202 artwork_id=95 width=1804 height=2706
[updated] id=203 artwork_id=96 width=2832 height=4240
[updated] id=204 artwork_id=97 width=2832 height=4240
[updated] id=205 artwork_id=98 width=2560 height=1707
[updated] id=206 artwork_id=98 width=1707 height=2560
[updated] id=207 artwork_id=98 width=807 height=1211
[updated] id=208 artwork_id=99 width=826 height=550
[updated] id=209 artwork_id=99 width=1856 height=1235
[updated] id=210 artwork_id=99 width=1081 height=1621
[updated] id=211 artwork_id=100 width=826 height=550
[updated] id=212 artwork_id=100 width=1668 height=2503
[updated] id=213 artwork_id=100 width=2560 height=1707
[updated] id=214 artwork_id=101 width=826 height=550
[updated] id=215 artwork_id=101 width=1756 height=1169
[updated] id=216 artwork_id=101 width=1504 height=2256
[updated] id=217 artwork_id=102 width=600 height=400
[updated] id=218 artwork_id=103 width=826 height=550
[updated] id=219 artwork_id=103 width=1325 height=1987
[updated] id=220 artwork_id=103 width=1756 height=1169
[updated] id=221 artwork_id=104 width=826 height=550
[updated] id=222 artwork_id=104 width=1793 height=1193
[updated] id=223 artwork_id=104 width=1095 height=1642
[updated] id=224 artwork_id=105 width=805 height=1057
[updated] id=225 artwork_id=106 width=1211 height=807
[updated] id=226 artwork_id=106 width=2503 height=1668
[updated] id=227 artwork_id=106 width=1707 height=2560
[updated] id=228 artwork_id=107 width=1238 height=826
[updated] id=229 artwork_id=107 width=1707 height=2560
[updated] id=230 artwork_id=107 width=1707 height=2560
[updated] id=231 artwork_id=108 width=538 height=807
[updated] id=232 artwork_id=108 width=1707 height=2560
[updated] id=233 artwork_id=109 width=2560 height=1707
[updated] id=234 artwork_id=109 width=2560 height=1707
[updated] id=235 artwork_id=109 width=826 height=1238
[updated] id=236 artwork_id=110 width=4240 height=2754
[updated] id=237 artwork_id=111 width=807 height=538
[updated] id=238 artwork_id=111 width=2071 height=1379
[updated] id=239 artwork_id=111 width=1956 height=1302
[updated] id=240 artwork_id=112 width=807 height=538
[updated] id=241 artwork_id=112 width=1967 height=1310
[updated] id=242 artwork_id=112 width=1756 height=1169
[updated] id=243 artwork_id=113 width=603 height=662
[updated] id=244 artwork_id=114 width=863 height=575
[updated] id=245 artwork_id=115 width=826 height=550
[updated] id=246 artwork_id=115 width=1304 height=1956
[updated] id=247 artwork_id=115 width=1004 height=1506
[updated] id=248 artwork_id=116 width=826 height=550
[updated] id=249 artwork_id=116 width=2256 height=1502
[updated] id=250 artwork_id=116 width=1204 height=1806
[updated] id=251 artwork_id=117 width=826 height=550
[updated] id=252 artwork_id=117 width=2503 height=1668
[updated] id=253 artwork_id=117 width=2560 height=1707
[updated] id=254 artwork_id=118 width=807 height=538
[updated] id=255 artwork_id=118 width=2671 height=1778
[updated] id=256 artwork_id=118 width=1504 height=2256
[updated] id=257 artwork_id=119 width=826 height=550
[updated] id=258 artwork_id=119 width=1756 height=1169
[updated] id=259 artwork_id=119 width=1004 height=1506
[updated] id=260 artwork_id=120 width=721 height=481
[updated] id=261 artwork_id=121 width=826 height=550
[updated] id=262 artwork_id=121 width=1671 height=1112
[updated] id=263 artwork_id=121 width=1504 height=2256
[updated] id=264 artwork_id=122 width=1756 height=1169
[updated] id=265 artwork_id=122 width=1786 height=2679
[updated] id=266 artwork_id=122 width=550 height=826
[updated] id=267 artwork_id=123 width=550 height=826
[updated] id=268 artwork_id=123 width=2504 height=3756
[updated] id=269 artwork_id=124 width=826 height=550
[updated] id=270 artwork_id=124 width=1504 height=2256
[updated] id=271 artwork_id=124 width=2048 height=1363
[updated] id=272 artwork_id=125 width=826 height=550
[updated] id=273 artwork_id=125 width=1571 height=1046
[updated] id=274 artwork_id=125 width=1104 height=1656
[updated] id=275 artwork_id=126 width=1856 height=1235
[updated] id=276 artwork_id=126 width=826 height=550
[updated] id=277 artwork_id=126 width=1304 height=1956
[updated] id=278 artwork_id=127 width=807 height=538
[updated] id=279 artwork_id=127 width=2156 height=1435
[updated] id=280 artwork_id=127 width=2156 height=1435
[updated] id=281 artwork_id=128 width=1500 height=942
[updated] id=282 artwork_id=129 width=997 height=1212
[updated] id=283 artwork_id=130 width=1238 height=826
[updated] id=284 artwork_id=130 width=2503 height=1668
[updated] id=285 artwork_id=130 width=2560 height=1707
[updated] id=286 artwork_id=131 width=991 height=660
[updated] id=287 artwork_id=132 width=1238 height=826
[updated] id=288 artwork_id=132 width=2503 height=1668
[updated] id=289 artwork_id=132 width=1707 height=2560
[updated] id=290 artwork_id=133 width=826 height=550
[updated] id=291 artwork_id=133 width=2556 height=1701
[updated] id=292 artwork_id=133 width=2656 height=1768
[updated] id=293 artwork_id=134 width=2000 height=3189
[updated] id=294 artwork_id=135 width=2000 height=2999
[updated] id=295 artwork_id=136 width=807 height=538
[updated] id=296 artwork_id=136 width=1311 height=1967
[updated] id=297 artwork_id=137 width=826 height=550
[updated] id=298 artwork_id=137 width=1756 height=1169
[updated] id=299 artwork_id=137 width=1856 height=1235
[updated] id=300 artwork_id=138 width=625 height=793
[updated] id=301 artwork_id=139 width=2075 height=1382
[updated] id=302 artwork_id=140 width=2858 height=1902
[updated] id=303 artwork_id=141 width=826 height=550
[updated] id=304 artwork_id=141 width=2456 height=1635
[updated] id=305 artwork_id=141 width=2356 height=1568
[updated] id=306 artwork_id=142 width=1156 height=771
[updated] id=307 artwork_id=143 width=826 height=550
[updated] id=308 artwork_id=143 width=2004 height=3006
[updated] id=309 artwork_id=144 width=646 height=968
[updated] id=310 artwork_id=144 width=5658 height=3772
[updated] id=311 artwork_id=144 width=1500 height=2250
[updated] id=312 artwork_id=144 width=500 height=494
[updated] id=313 artwork_id=144 width=3840 height=5760
[updated] id=314 artwork_id=145 width=1156 height=771
[updated] id=315 artwork_id=146 width=1156 height=771
[updated] id=316 artwork_id=147 width=1156 height=771
[updated] id=317 artwork_id=148 width=800 height=600
[updated] id=318 artwork_id=149 width=720 height=960
[updated] id=319 artwork_id=150 width=720 height=960
[updated] id=320 artwork_id=151 width=1209 height=806
[updated] id=321 artwork_id=151 width=720 height=960
[updated] id=322 artwork_id=151 width=1707 height=2560
[updated] id=323 artwork_id=151 width=1673 height=2509
[updated] id=324 artwork_id=152 width=720 height=960
[updated] id=325 artwork_id=153 width=720 height=960
[updated] id=326 artwork_id=154 width=720 height=960
[updated] id=327 artwork_id=155 width=720 height=960
[updated] id=328 artwork_id=156 width=720 height=960
[updated] id=329 artwork_id=157 width=2000 height=3000
[updated] id=330 artwork_id=158 width=720 height=960
[updated] id=331 artwork_id=159 width=720 height=960
[updated] id=332 artwork_id=160 width=720 height=960
[updated] id=333 artwork_id=161 width=264 height=380
[updated] id=334 artwork_id=162 width=438 height=714
[updated] id=335 artwork_id=162 width=570 height=708
[updated] id=336 artwork_id=162 width=600 height=400
[updated] id=337 artwork_id=163 width=500 height=433
[updated] id=338 artwork_id=163 width=500 height=474
[updated] id=339 artwork_id=163 width=600 height=542
[updated] id=340 artwork_id=164 width=5760 height=3840
[updated] id=341 artwork_id=164 width=3787 height=5681
[updated] id=342 artwork_id=164 width=500 height=628
[updated] id=343 artwork_id=164 width=600 height=483
[updated] id=344 artwork_id=165 width=500 height=534
[updated] id=345 artwork_id=166 width=3840 height=5760
[updated] id=346 artwork_id=166 width=400 height=483
[updated] id=347 artwork_id=167 width=5658 height=3772
[updated] id=348 artwork_id=167 width=500 height=494
[updated] id=349 artwork_id=167 width=3840 height=5760
[updated] id=350 artwork_id=168 width=5397 height=3598
[updated] id=351 artwork_id=168 width=3531 height=5297
[updated] id=352 artwork_id=168 width=500 height=640
[updated] id=353 artwork_id=168 width=500 height=299
[updated] id=354 artwork_id=169 width=5691 height=3794
[updated] id=355 artwork_id=169 width=5760 height=3840
[updated] id=356 artwork_id=169 width=3723 height=5585
[updated] id=357 artwork_id=170 width=5702 height=3801
[updated] id=358 artwork_id=170 width=5530 height=3687
[updated] id=359 artwork_id=170 width=500 height=482
[updated] id=360 artwork_id=170 width=500 height=454
[updated] id=361 artwork_id=171 width=500 height=607
[updated] id=362 artwork_id=172 width=3670 height=5505
[updated] id=363 artwork_id=172 width=500 height=498
[updated] id=364 artwork_id=172 width=500 height=667
[updated] id=365 artwork_id=173 width=680 height=1000
[updated] id=366 artwork_id=173 width=1500 height=2250
[updated] id=367 artwork_id=174 width=1500 height=2178
[updated] id=368 artwork_id=175 width=1689 height=2533
[updated] id=369 artwork_id=176 width=1500 height=2250
[updated] id=370 artwork_id=176 width=1500 height=2300
[updated] id=371 artwork_id=177 width=1500 height=1904
[updated] id=372 artwork_id=178 width=1500 height=2250
[updated] id=373 artwork_id=178 width=1500 height=2221
[updated] id=374 artwork_id=179 width=1500 height=2213
[updated] id=375 artwork_id=180 width=1500 height=2326
[updated] id=376 artwork_id=181 width=1500 height=2250
[updated] id=377 artwork_id=182 width=1500 height=2173
[updated] id=378 artwork_id=183 width=1934 height=2429
[updated] id=379 artwork_id=184 width=2316 height=3812
[updated] id=380 artwork_id=185 width=1717 height=2158
[updated] id=381 artwork_id=186 width=1500 height=875
Artwork image dimension backfill completed.
target_rows=381
updated_rows=381
failed_rows=0
remaining_null_rows=0
